[  0%] Built target control_msgs__cpp
[35m[1mConsolidate compiler generated dependencies of target control_msgs__rosidl_generator_c[0m
[ 12%] Built target control_msgs__rosidl_generator_c
failed to create symbolic link '/home/changye/Ros2_gazebo/ros2_ws2/build/control_msgs/ament_cmake_python/control_msgs/control_msgs' because existing path cannot be removed: Is a directory
gmake[2]: *** [CMakeFiles/ament_cmake_python_symlink_control_msgs.dir/build.make:70: CMakeFiles/ament_cmake_python_symlink_control_msgs] Error 1
gmake[1]: *** [CMakeFiles/Makefile2:421: CMakeFiles/ament_cmake_python_symlink_control_msgs.dir/all] Error 2
gmake[1]: *** Waiting for unfinished jobs....
gmake: *** [Makefile:146: all] Error 2
