[35m[1mConsolidate compiler generated dependencies of target agv_unload[0m
[35m[1mConsolidate compiler generated dependencies of target example_velocity[0m
[35m[1mConsolidate compiler generated dependencies of target agv_lift[0m
[35m[1mConsolidate compiler generated dependencies of target example_position[0m
gmake[2]: *** No rule to make target 'CMakeFiles/agv_controller.dir/build'.  Stop.
gmake[1]: *** [CMakeFiles/Makefile2:249: CMakeFiles/agv_controller.dir/all] Error 2
gmake[1]: *** Waiting for unfinished jobs....
[ 75%] Built target example_position
[ 75%] Built target agv_unload
[ 75%] Built target agv_lift
[100%] Built target example_velocity
gmake: *** [Makefile:146: all] Error 2
